{"contracts/mocks/BasicTokenMock.sol":{"l":{"12":7,"13":7},"path":"/Users/chadchillbro7/80trill/repo/emptyproject/contracts/mocks/BasicTokenMock.sol","s":{"1":7,"2":7},"b":{},"f":{"1":7},"fnMap":{"1":{"name":null,"line":11,"loc":{"start":{"line":11,"column":4},"end":{"line":11,"column":68}}}},"statementMap":{"1":{"start":{"line":12,"column":8},"end":{"line":12,"column":48}},"2":{"start":{"line":13,"column":8},"end":{"line":13,"column":36}}},"branchMap":{}},"contracts/mocks/SafeMathMock.sol":{"l":{"10":3,"14":2,"18":2,"22":2},"path":"/Users/chadchillbro7/80trill/repo/emptyproject/contracts/mocks/SafeMathMock.sol","s":{"1":3,"2":2,"3":2,"4":2},"b":{},"f":{"1":3,"2":2,"3":2,"4":2},"fnMap":{"1":{"name":"mul","line":9,"loc":{"start":{"line":9,"column":4},"end":{"line":9,"column":66}}},"2":{"name":"div","line":13,"loc":{"start":{"line":13,"column":4},"end":{"line":13,"column":66}}},"3":{"name":"sub","line":17,"loc":{"start":{"line":17,"column":4},"end":{"line":17,"column":66}}},"4":{"name":"add","line":21,"loc":{"start":{"line":21,"column":4},"end":{"line":21,"column":66}}}},"statementMap":{"1":{"start":{"line":10,"column":8},"end":{"line":10,"column":33}},"2":{"start":{"line":14,"column":8},"end":{"line":14,"column":33}},"3":{"start":{"line":18,"column":8},"end":{"line":18,"column":33}},"4":{"start":{"line":22,"column":8},"end":{"line":22,"column":33}}},"branchMap":{}}}